<?xml version="1.0" encoding="UTF-8"?>
<!-- Generated by org.testng.reporters.JUnitXMLReporter -->
<testsuite hostname="JAY-COMPUTER" ignored="0" name="Default test" tests="4" failures="0" timestamp="13 Feb 2019 01:43:35 GMT" time="48.086" errors="0">
  <testcase name="dataDrivenTest" time="1.34" classname="com.parkingcalculator.test.DDTParkingCalc"/>
  <testcase name="dataDrivenTest" time="1.495" classname="com.parkingcalculator.test.DDTParkingCalc"/>
  <testcase name="dataDrivenTest" time="1.323" classname="com.parkingcalculator.test.DDTParkingCalc"/>
  <testcase name="dataDrivenTest" time="1.233" classname="com.parkingcalculator.test.DDTParkingCalc"/>
</testsuite> <!-- Default test -->
