<?xml version="1.0" encoding="UTF-8"?>
<!-- Generated by org.testng.reporters.JUnitXMLReporter -->
<testsuite hostname="JAY-COMPUTER" ignored="0" name="Default test" tests="4" failures="0" timestamp="18 Apr 2019 20:48:15 GMT" time="56.032" errors="0">
  <testcase name="dataDrivenTest" time="1.457" classname="com.parkingcalculator.test.DDTParkingCalc"/>
  <testcase name="dataDrivenTest" time="0.765" classname="com.parkingcalculator.test.DDTParkingCalc"/>
  <testcase name="dataDrivenTest" time="1.522" classname="com.parkingcalculator.test.DDTParkingCalc"/>
  <testcase name="dataDrivenTest" time="1.612" classname="com.parkingcalculator.test.DDTParkingCalc"/>
</testsuite> <!-- Default test -->
