<?xml version="1.0" encoding="UTF-8"?>
<!-- Generated by org.testng.reporters.JUnitXMLReporter -->
<testsuite hostname="JAY-COMPUTER" ignored="1" name="Default test" tests="1" failures="0" timestamp="12 Apr 2019 00:16:54 GMT" time="45.451" errors="0">
  <testcase name="buyCasualDress" time="34.716" classname="com.onlinestore.tests.OnlineStoreTests"/>
  <testcase name="buyTshirts" time="0.0" classname="com.onlinestore.tests.OnlineStoreTests">
    <ignored/>
  </testcase> <!-- buyTshirts -->
</testsuite> <!-- Default test -->
