<?xml version="1.0" encoding="UTF-8"?>
<!-- Generated by org.testng.reporters.JUnitXMLReporter -->
<testsuite hostname="JAY-COMPUTER" ignored="1" name="Test" tests="1" failures="0" timestamp="08 Apr 2019 15:20:21 GMT" time="43.17" errors="0">
  <testcase name="buyCasualDress" time="33.037" classname="com.onlinestore.tests.OnlineStoreTests"/>
  <testcase name="buyTshirts" time="0.0" classname="com.onlinestore.tests.OnlineStoreTests">
    <ignored/>
  </testcase> <!-- buyTshirts -->
</testsuite> <!-- Test -->
