<?xml version="1.0" encoding="UTF-8"?>
<testng-results skipped="0" failed="0" ignored="0" total="1" passed="1">
  <reporter-output>
  </reporter-output>
  <suite name="Default suite" duration-ms="22595" started-at="2019-02-15T17:42:32Z" finished-at="2019-02-15T17:42:54Z">
    <groups>
    </groups>
    <test name="Default test" duration-ms="22595" started-at="2019-02-15T17:42:32Z" finished-at="2019-02-15T17:42:54Z">
      <class name="com.parkingcalculator.test.ParkingCalTest">
        <test-method status="PASS" signature="beforeAllTestStart()[pri:0, instance:com.parkingcalculator.test.ParkingCalTest@127bd23]" name="beforeAllTestStart" is-config="true" duration-ms="16" started-at="2019-02-15T12:42:32Z" finished-at="2019-02-15T12:42:32Z">
          <reporter-output>
          </reporter-output>
        </test-method> <!-- beforeAllTestStart -->
        <test-method status="PASS" signature="beforeEachTestStart()[pri:0, instance:com.parkingcalculator.test.ParkingCalTest@127bd23]" name="beforeEachTestStart" is-config="true" duration-ms="4145" started-at="2019-02-15T12:42:32Z" finished-at="2019-02-15T12:42:36Z">
          <reporter-output>
          </reporter-output>
        </test-method> <!-- beforeEachTestStart -->
        <test-method status="PASS" signature="calculateParking()[pri:0, instance:com.parkingcalculator.test.ParkingCalTest@127bd23]" name="calculateParking" duration-ms="12679" started-at="2019-02-15T12:42:36Z" finished-at="2019-02-15T12:42:48Z">
          <reporter-output>
          </reporter-output>
        </test-method> <!-- calculateParking -->
        <test-method status="PASS" signature="afterEachTestEnd()[pri:0, instance:com.parkingcalculator.test.ParkingCalTest@127bd23]" name="afterEachTestEnd" is-config="true" duration-ms="5732" started-at="2019-02-15T12:42:48Z" finished-at="2019-02-15T12:42:54Z">
          <reporter-output>
          </reporter-output>
        </test-method> <!-- afterEachTestEnd -->
        <test-method status="PASS" signature="afterAllTestCompleted()[pri:0, instance:com.parkingcalculator.test.ParkingCalTest@127bd23]" name="afterAllTestCompleted" is-config="true" duration-ms="0" started-at="2019-02-15T12:42:54Z" finished-at="2019-02-15T12:42:54Z">
          <reporter-output>
          </reporter-output>
        </test-method> <!-- afterAllTestCompleted -->
      </class> <!-- com.parkingcalculator.test.ParkingCalTest -->
    </test> <!-- Default test -->
  </suite> <!-- Default suite -->
</testng-results>
